<?xml version="1.0" encoding="utf-8"?><testsuites name="pytest tests"><testsuite name="pytest" errors="0" failures="0" skipped="0" tests="16" time="57.980" timestamp="2026-04-13T08:01:55.647290+00:00" hostname="agent-env-f306f25d-5abb-4d2c-aed0-4aa092e7f835"><testcase classname="backend.tests.test_email_verification.TestDisposableEmailBlocking" name="test_guerrillamail_blocked" time="0.168" /><testcase classname="backend.tests.test_email_verification.TestDisposableEmailBlocking" name="test_mailinator_blocked" time="0.106" /><testcase classname="backend.tests.test_email_verification.TestDisposableEmailBlocking" name="test_tempmail_blocked" time="0.105" /><testcase classname="backend.tests.test_email_verification.TestDisposableEmailBlocking" name="test_10minutemail_blocked" time="0.100" /><testcase classname="backend.tests.test_email_verification.TestSignupVerificationFlow" name="test_signup_returns_needs_verification" time="1.829" /><testcase classname="backend.tests.test_email_verification.TestUnverifiedUserLogin" name="test_unverified_user_login_returns_needs_verification" time="1.933" /><testcase classname="backend.tests.test_email_verification.TestCodeVerification" name="test_verify_with_correct_code" time="2.255" /><testcase classname="backend.tests.test_email_verification.TestCodeVerification" name="test_verify_with_wrong_code" time="1.738" /><testcase classname="backend.tests.test_email_verification.TestCodeVerification" name="test_verify_without_email" time="1.449" /><testcase classname="backend.tests.test_email_verification.TestCodeVerification" name="test_verify_without_code" time="1.468" /><testcase classname="backend.tests.test_email_verification.TestExpiredCodeVerification" name="test_verify_with_expired_code" time="2.067" /><testcase classname="backend.tests.test_email_verification.TestResendVerification" name="test_resend_generates_new_code" time="2.620" /><testcase classname="backend.tests.test_email_verification.TestResendVerification" name="test_resend_rate_limiting" time="2.886" /><testcase classname="backend.tests.test_email_verification.TestResendVerification" name="test_resend_for_nonexistent_user" time="2.109" /><testcase classname="backend.tests.test_email_verification.TestVerifiedUserLogin" name="test_verified_user_gets_jwt_token" time="0.530" /><testcase classname="backend.tests.test_email_verification.TestAlreadyVerifiedUser" name="test_verify_already_verified_user" time="36.517" /></testsuite></testsuites>