<?xml version="1.0" encoding="utf-8"?><testsuites name="pytest tests"><testsuite name="pytest" errors="0" failures="0" skipped="0" tests="17" time="8.988" timestamp="2026-04-10T13:27:15.766155+00:00" hostname="agent-env-f306f25d-5abb-4d2c-aed0-4aa092e7f835"><testcase classname="tests.test_auth_and_transactions.TestAuthEndpoints" name="test_login_success" time="0.444" /><testcase classname="tests.test_auth_and_transactions.TestAuthEndpoints" name="test_login_wrong_password" time="0.356" /><testcase classname="tests.test_auth_and_transactions.TestAuthEndpoints" name="test_login_invalid_email" time="0.343" /><testcase classname="tests.test_auth_and_transactions.TestTransactionsEndpoints" name="test_get_transactions_with_token" time="0.687" /><testcase classname="tests.test_auth_and_transactions.TestTransactionsEndpoints" name="test_get_transactions_without_token" time="0.111" /><testcase classname="tests.test_auth_and_transactions.TestTransactionsEndpoints" name="test_get_transactions_invalid_token" time="0.122" /><testcase classname="tests.test_auth_and_transactions.TestTransactionsCRUD" name="test_create_and_delete_transaction" time="0.961" /><testcase classname="tests.test_auth_and_transactions.TestTransactionsCRUD" name="test_delete_transaction_without_token" time="0.111" /><testcase classname="tests.test_auth_and_transactions.TestUserSettingsEndpoints" name="test_get_user_settings_with_token" time="0.637" /><testcase classname="tests.test_auth_and_transactions.TestUserSettingsEndpoints" name="test_get_user_settings_without_token" time="0.098" /><testcase classname="tests.test_auth_and_transactions.TestUserSettingsEndpoints" name="test_update_user_settings" time="1.582" /><testcase classname="tests.test_auth_and_transactions.TestSuggestionsEndpoint" name="test_get_suggestions_with_token" time="0.681" /><testcase classname="tests.test_auth_and_transactions.TestSuggestionsEndpoint" name="test_get_suggestions_without_token" time="0.107" /><testcase classname="tests.test_auth_and_transactions.TestCurrencyRatesEndpoint" name="test_get_usd_rates" time="0.215" /><testcase classname="tests.test_auth_and_transactions.TestMonthlySummaryEndpoint" name="test_monthly_summary_endpoint_exists" time="2.135" /><testcase classname="tests.test_auth_and_transactions.TestSecurityChecks" name="test_frontend_env_no_supabase_key" time="0.000" /><testcase classname="tests.test_auth_and_transactions.TestSecurityChecks" name="test_password_hash_not_in_login_response" time="0.336" /></testsuite></testsuites>