<?xml version="1.0" encoding="utf-8"?><testsuites name="pytest tests"><testsuite name="pytest" errors="0" failures="0" skipped="0" tests="13" time="3.016" timestamp="2026-04-10T13:04:33.396557+00:00" hostname="agent-env-f306f25d-5abb-4d2c-aed0-4aa092e7f835"><testcase classname="backend.tests.test_api.TestStatusEndpoints" name="test_root_endpoint" time="0.209" /><testcase classname="backend.tests.test_api.TestStatusEndpoints" name="test_create_status_check" time="0.149" /><testcase classname="backend.tests.test_api.TestStatusEndpoints" name="test_get_status_checks" time="0.107" /><testcase classname="backend.tests.test_api.TestCurrencyRatesEndpoint" name="test_get_usd_rates" time="0.245" /><testcase classname="backend.tests.test_api.TestCurrencyRatesEndpoint" name="test_get_ils_rates" time="0.186" /><testcase classname="backend.tests.test_api.TestCurrencyRatesEndpoint" name="test_get_eur_rates" time="0.201" /><testcase classname="backend.tests.test_api.TestEmailEndpoints" name="test_contact_email_endpoint_exists" time="0.364" /><testcase classname="backend.tests.test_api.TestEmailEndpoints" name="test_contact_email_validation" time="0.142" /><testcase classname="backend.tests.test_api.TestEmailEndpoints" name="test_signup_notification_endpoint_exists" time="0.300" /><testcase classname="backend.tests.test_api.TestCronEndpoint" name="test_process_recurring_transactions" time="0.553" /><testcase classname="backend.tests.test_api.TestCronEndpoint" name="test_cron_recurring_get_not_allowed" time="0.108" /><testcase classname="backend.tests.test_api.TestEdgeCases" name="test_invalid_currency_code" time="0.274" /><testcase classname="backend.tests.test_api.TestEdgeCases" name="test_status_check_invalid_payload" time="0.101" /></testsuite></testsuites>