<?xml version="1.0" encoding="utf-8"?><testsuites name="pytest tests"><testsuite name="pytest" errors="0" failures="0" skipped="0" tests="17" time="46.360" timestamp="2026-04-13T08:24:52.690634+00:00" hostname="agent-env-f306f25d-5abb-4d2c-aed0-4aa092e7f835"><testcase classname="backend.tests.test_passwordless_auth.TestPasswordlessSignup" name="test_passwordless_signup_returns_needs_verification" time="1.164" /><testcase classname="backend.tests.test_passwordless_auth.TestPasswordlessSignup" name="test_passwordless_user_has_empty_password_hash" time="1.321" /><testcase classname="backend.tests.test_passwordless_auth.TestPasswordlessSignup" name="test_passwordless_user_has_password_false_after_verification" time="1.768" /><testcase classname="backend.tests.test_passwordless_auth.TestMagicLogin" name="test_magic_login_sends_code" time="2.864" /><testcase classname="backend.tests.test_passwordless_auth.TestMagicLogin" name="test_magic_login_verify_with_code" time="10.447" /><testcase classname="backend.tests.test_passwordless_auth.TestMagicLogin" name="test_magic_login_wrong_code_fails" time="2.937" /><testcase classname="backend.tests.test_passwordless_auth.TestMagicLogin" name="test_magic_login_nonexistent_user_returns_success" time="2.115" /><testcase classname="backend.tests.test_passwordless_auth.TestForgotPassword" name="test_forgot_password_sends_code" time="1.200" /><testcase classname="backend.tests.test_passwordless_auth.TestForgotPassword" name="test_forgot_password_nonexistent_user_returns_success" time="0.302" /><testcase classname="backend.tests.test_passwordless_auth.TestPasswordReset" name="test_reset_password_with_code" time="3.927" /><testcase classname="backend.tests.test_passwordless_auth.TestPasswordReset" name="test_can_login_with_new_password_after_reset" time="4.375" /><testcase classname="backend.tests.test_passwordless_auth.TestPasswordReset" name="test_reset_password_wrong_code_fails" time="3.262" /><testcase classname="backend.tests.test_passwordless_auth.TestPasswordReset" name="test_reset_password_short_password_fails" time="3.150" /><testcase classname="backend.tests.test_passwordless_auth.TestSetPasswordViaSettings" name="test_set_password_via_settings" time="2.301" /><testcase classname="backend.tests.test_passwordless_auth.TestSetPasswordViaSettings" name="test_can_login_after_setting_password" time="2.823" /><testcase classname="backend.tests.test_passwordless_auth.TestSetPasswordViaSettings" name="test_set_password_short_fails" time="1.814" /><testcase classname="backend.tests.test_passwordless_auth.TestVerifiedUserLogin" name="test_verified_user_login_with_password" time="0.501" /></testsuite></testsuites>