<?xml version="1.0" encoding="utf-8"?><testsuites name="pytest tests"><testsuite name="pytest" errors="0" failures="0" skipped="0" tests="17" time="9.436" timestamp="2026-04-10T13:57:43.343161+00:00" hostname="agent-env-f306f25d-5abb-4d2c-aed0-4aa092e7f835"><testcase classname="backend.tests.test_auth_and_transactions.TestAuthEndpoints" name="test_login_success" time="0.452" /><testcase classname="backend.tests.test_auth_and_transactions.TestAuthEndpoints" name="test_login_wrong_password" time="0.355" /><testcase classname="backend.tests.test_auth_and_transactions.TestAuthEndpoints" name="test_login_invalid_email" time="0.306" /><testcase classname="backend.tests.test_auth_and_transactions.TestTransactionsEndpoints" name="test_get_transactions_with_token" time="0.714" /><testcase classname="backend.tests.test_auth_and_transactions.TestTransactionsEndpoints" name="test_get_transactions_without_token" time="0.132" /><testcase classname="backend.tests.test_auth_and_transactions.TestTransactionsEndpoints" name="test_get_transactions_invalid_token" time="0.146" /><testcase classname="backend.tests.test_auth_and_transactions.TestTransactionsCRUD" name="test_create_and_delete_transaction" time="1.063" /><testcase classname="backend.tests.test_auth_and_transactions.TestTransactionsCRUD" name="test_delete_transaction_without_token" time="0.149" /><testcase classname="backend.tests.test_auth_and_transactions.TestUserSettingsEndpoints" name="test_get_user_settings_with_token" time="0.655" /><testcase classname="backend.tests.test_auth_and_transactions.TestUserSettingsEndpoints" name="test_get_user_settings_without_token" time="0.107" /><testcase classname="backend.tests.test_auth_and_transactions.TestUserSettingsEndpoints" name="test_update_user_settings" time="1.677" /><testcase classname="backend.tests.test_auth_and_transactions.TestSuggestionsEndpoint" name="test_get_suggestions_with_token" time="0.667" /><testcase classname="backend.tests.test_auth_and_transactions.TestSuggestionsEndpoint" name="test_get_suggestions_without_token" time="0.102" /><testcase classname="backend.tests.test_auth_and_transactions.TestCurrencyRatesEndpoint" name="test_get_usd_rates" time="0.118" /><testcase classname="backend.tests.test_auth_and_transactions.TestMonthlySummaryEndpoint" name="test_monthly_summary_endpoint_exists" time="2.380" /><testcase classname="backend.tests.test_auth_and_transactions.TestSecurityChecks" name="test_frontend_env_no_supabase_key" time="0.000" /><testcase classname="backend.tests.test_auth_and_transactions.TestSecurityChecks" name="test_password_hash_not_in_login_response" time="0.343" /></testsuite></testsuites>